Using pre-set license
Built from '2021.3/staging' branch; Version is '2021.3.13f1 (9e7d58001ecf) revision 10386776'; Using compiler version '192829333'; Build Type 'Release'
OS: 'Windows 11  (10.0.22000) 64bit Core' Language: 'en' Physical Memory: 16085 MB
BatchMode: 1, IsHumanControllingUs: 0, StartBugReporterOnCrash: 0, Is64bit: 1, IsPro: 1

COMMAND LINE ARGUMENTS:
C:\Program Files\Unity\Hub\Editor\2021.3.13f1\Editor\Unity.exe
-adb2
-batchMode
-noUpm
-name
AssetImportWorker0
-projectPath
C:/Users/kitso/OneDrive/Desktop/graphics/Exam/Exam
-logFile
Logs/AssetImportWorker0.log
-srvPort
55486
Successfully changed project path to: C:/Users/kitso/OneDrive/Desktop/graphics/Exam/Exam
C:/Users/kitso/OneDrive/Desktop/graphics/Exam/Exam
[UnityMemory] Configuration Parameters - Can be set up in boot.config
    "memorysetup-bucket-allocator-granularity=16"
    "memorysetup-bucket-allocator-bucket-count=8"
    "memorysetup-bucket-allocator-block-size=33554432"
    "memorysetup-bucket-allocator-block-count=8"
    "memorysetup-main-allocator-block-size=16777216"
    "memorysetup-thread-allocator-block-size=16777216"
    "memorysetup-gfx-main-allocator-block-size=16777216"
    "memorysetup-gfx-thread-allocator-block-size=16777216"
    "memorysetup-cache-allocator-block-size=4194304"
    "memorysetup-typetree-allocator-block-size=2097152"
    "memorysetup-profiler-bucket-allocator-granularity=16"
    "memorysetup-profiler-bucket-allocator-bucket-count=8"
    "memorysetup-profiler-bucket-allocator-block-size=33554432"
    "memorysetup-profiler-bucket-allocator-block-count=8"
    "memorysetup-profiler-allocator-block-size=16777216"
    "memorysetup-profiler-editor-allocator-block-size=1048576"
    "memorysetup-temp-allocator-size-main=16777216"
    "memorysetup-job-temp-allocator-block-size=2097152"
    "memorysetup-job-temp-allocator-block-size-background=1048576"
    "memorysetup-job-temp-allocator-reduction-small-platforms=262144"
    "memorysetup-temp-allocator-size-background-worker=32768"
    "memorysetup-temp-allocator-size-job-worker=262144"
    "memorysetup-temp-allocator-size-preload-manager=33554432"
    "memorysetup-temp-allocator-size-nav-mesh-worker=65536"
    "memorysetup-temp-allocator-size-audio-worker=65536"
    "memorysetup-temp-allocator-size-cloud-worker=32768"
    "memorysetup-temp-allocator-size-gi-baking-worker=262144"
    "memorysetup-temp-allocator-size-gfx=262144"
Refreshing native plugins compatible for Editor in 73.80 ms, found 3 plugins.
Preloading 0 native plugins for Editor in 0.00 ms.
Initialize engine version: 2021.3.13f1 (9e7d58001ecf)
[Subsystems] Discovering subsystems at path C:/Program Files/Unity/Hub/Editor/2021.3.13f1/Editor/Data/Resources/UnitySubsystems
[Subsystems] Discovering subsystems at path C:/Users/kitso/OneDrive/Desktop/graphics/Exam/Exam/Assets
GfxDevice: creating device client; threaded=0; jobified=0
Direct3D:
    Version:  Direct3D 11.0 [level 11.1]
    Renderer: NVIDIA GeForce RTX 3060 Laptop GPU (ID=0x2520)
    Vendor:   NVIDIA
    VRAM:     6009 MB
    Driver:   31.0.15.2756
Initialize mono
Mono path[0] = 'C:/Program Files/Unity/Hub/Editor/2021.3.13f1/Editor/Data/Managed'
Mono path[1] = 'C:/Program Files/Unity/Hub/Editor/2021.3.13f1/Editor/Data/MonoBleedingEdge/lib/mono/unityjit-win32'
Mono config path = 'C:/Program Files/Unity/Hub/Editor/2021.3.13f1/Editor/Data/MonoBleedingEdge/etc'
Using monoOptions --debugger-agent=transport=dt_socket,embedding=1,server=y,suspend=n,address=127.0.0.1:56120
Begin MonoManager ReloadAssembly
Registering precompiled unity dll's ...
Register platform support module: C:/Program Files/Unity/Hub/Editor/2021.3.13f1/Editor/Data/PlaybackEngines/WebGLSupport/UnityEditor.WebGL.Extensions.dll
Register platform support module: C:/Program Files/Unity/Hub/Editor/2021.3.13f1/Editor/Data/PlaybackEngines/WindowsStandaloneSupport/UnityEditor.WindowsStandalone.Extensions.dll
Registered in 0.005947 seconds.
Native extension for WindowsStandalone target not found
Native extension for WebGL target not found
Refreshing native plugins compatible for Editor in 81.02 ms, found 3 plugins.
Preloading 0 native plugins for Editor in 0.00 ms.
Mono: successfully reloaded assembly
- Completed reload, in  0.661 seconds
Domain Reload Profiling:
	ReloadAssembly (661ms)
		BeginReloadAssembly (78ms)
			ExecutionOrderSort (0ms)
			DisableScriptedObjects (0ms)
			BackupInstance (0ms)
			ReleaseScriptingObjects (0ms)
			CreateAndSetChildDomain (1ms)
		EndReloadAssembly (462ms)
			LoadAssemblies (77ms)
			RebuildTransferFunctionScriptingTraits (0ms)
			SetupTypeCache (103ms)
			ReleaseScriptCaches (0ms)
			RebuildScriptCaches (39ms)
			SetupLoadedEditorAssemblies (265ms)
				LogAssemblyErrors (0ms)
				InitializePlatformSupportModulesInManaged (10ms)
				SetLoadedEditorAssemblies (0ms)
				RefreshPlugins (81ms)
				BeforeProcessingInitializeOnLoad (1ms)
				ProcessInitializeOnLoadAttributes (128ms)
				ProcessInitializeOnLoadMethodAttributes (45ms)
				AfterProcessingInitializeOnLoad (0ms)
				EditorAssembliesLoaded (0ms)
			ExecutionOrderSort2 (0ms)
			AwakeInstancesAfterBackupRestoration (0ms)
Platform modules already initialized, skipping
Registering precompiled user dll's ...
Registered in 0.003974 seconds.
Begin MonoManager ReloadAssembly
Native extension for WindowsStandalone target not found
Native extension for WebGL target not found
Refreshing native plugins compatible for Editor in 0.58 ms, found 3 plugins.
Preloading 0 native plugins for Editor in 0.00 ms.
Mono: successfully reloaded assembly
- Completed reload, in  0.998 seconds
Domain Reload Profiling:
	ReloadAssembly (998ms)
		BeginReloadAssembly (109ms)
			ExecutionOrderSort (0ms)
			DisableScriptedObjects (5ms)
			BackupInstance (0ms)
			ReleaseScriptingObjects (0ms)
			CreateAndSetChildDomain (18ms)
		EndReloadAssembly (787ms)
			LoadAssemblies (79ms)
			RebuildTransferFunctionScriptingTraits (0ms)
			SetupTypeCache (241ms)
			ReleaseScriptCaches (1ms)
			RebuildScriptCaches (61ms)
			SetupLoadedEditorAssemblies (369ms)
				LogAssemblyErrors (0ms)
				InitializePlatformSupportModulesInManaged (5ms)
				SetLoadedEditorAssemblies (0ms)
				RefreshPlugins (1ms)
				BeforeProcessingInitializeOnLoad (85ms)
				ProcessInitializeOnLoadAttributes (240ms)
				ProcessInitializeOnLoadMethodAttributes (33ms)
				AfterProcessingInitializeOnLoad (4ms)
				EditorAssembliesLoaded (0ms)
			ExecutionOrderSort2 (0ms)
			AwakeInstancesAfterBackupRestoration (5ms)
Platform modules already initialized, skipping
========================================================================
Worker process is ready to serve import requests
Launched and connected shader compiler UnityShaderCompiler.exe after 0.04 seconds
Refreshing native plugins compatible for Editor in 0.97 ms, found 3 plugins.
Preloading 0 native plugins for Editor in 0.00 ms.
Unloading 3359 Unused Serialized files (Serialized files now loaded: 0)
Unloading 27 unused Assets / (113.8 KB). Loaded Objects now: 3817.
Memory consumption went from 118.1 MB to 118.0 MB.
Total: 3.205500 ms (FindLiveObjects: 0.261300 ms CreateObjectMapping: 0.081900 ms MarkObjects: 2.732900 ms  DeleteObjects: 0.128300 ms)

AssetImportParameters requested are different than current active one (requested -> active):
  custom:video-decoder-ogg-theora: a1e56fd34408186e4bbccfd4996cb3dc -> 
  custom:container-muxer-webm: aa71ff27fc2769a1b78a27578f13a17b -> 
  custom:container-demuxer-webm: 4f35f7cbe854078d1ac9338744f61a02 -> 
  custom:video-encoder-webm-vp8: eb34c28f22e8b96e1ab97ce403110664 -> 
  custom:audio-encoder-webm-vorbis: bf7c407c2cedff20999df2af8eb42d56 -> 
  custom:framework-win-MediaFoundation: 216162199b28c13a410421893ffa2e32 -> 
  custom:container-demuxer-ogg: 62fdf1f143b41e24485cea50d1cbac27 -> 
  custom:video-decoder-webm-vp8: 9c59270c3fd7afecdb556c50c9e8de78 -> 
  custom:audio-decoder-ogg-vorbis: bf7c407c2cedff20999df2af8eb42d56 -> 
========================================================================
Received Import Request.
  Time since last request: 397300.178997 seconds.
  path: Assets/Shaders/jimeye.png
  artifactKey: Guid(c5eddf3d80a54584baec43f88e812668) Importer(815301076,1909f56bfc062723c751e8b465ee728b)
Start importing Assets/Shaders/jimeye.png using Guid(c5eddf3d80a54584baec43f88e812668) Importer(815301076,1909f56bfc062723c751e8b465ee728b)  -> (artifact id: 'af700e69d620e91ec17fb0c209543b16') in 0.127005 seconds 
========================================================================
Received Import Request.
  Time since last request: 0.000029 seconds.
  path: Assets/Shaders/ToonShader.mat
  artifactKey: Guid(ac86a959bb531c94ab82df6c90a4f099) Importer(815301076,1909f56bfc062723c751e8b465ee728b)
Start importing Assets/Shaders/ToonShader.mat using Guid(ac86a959bb531c94ab82df6c90a4f099) Importer(815301076,1909f56bfc062723c751e8b465ee728b)  -> (artifact id: 'c460e199d69f966f86491ce316222f0f') in 0.090099 seconds 
========================================================================
Received Import Request.
  Time since last request: 0.000053 seconds.
  path: Assets/Shaders
  artifactKey: Guid(73c087528c406a143b86fa246a06cb71) Importer(815301076,1909f56bfc062723c751e8b465ee728b)
Start importing Assets/Shaders using Guid(73c087528c406a143b86fa246a06cb71) Importer(815301076,1909f56bfc062723c751e8b465ee728b)  -> (artifact id: '9331eb3179606b41feadb28b1ad0e85c') in 0.007622 seconds 
========================================================================
Received Import Request.
  Time since last request: 0.000045 seconds.
  path: Assets/Shaders/diffuse.mat
  artifactKey: Guid(b63b10b9882f34c458b3a24e2f797273) Importer(815301076,1909f56bfc062723c751e8b465ee728b)
Start importing Assets/Shaders/diffuse.mat using Guid(b63b10b9882f34c458b3a24e2f797273) Importer(815301076,1909f56bfc062723c751e8b465ee728b)  -> (artifact id: 'a9d75e26401aee99c81b1adc8f55d3af') in 0.017717 seconds 
========================================================================
Received Import Request.
  Time since last request: 0.000024 seconds.
  path: Assets/Shaders/intense.mat
  artifactKey: Guid(348f8cd3a3dcc3146abed0f34c889f01) Importer(815301076,1909f56bfc062723c751e8b465ee728b)
Start importing Assets/Shaders/intense.mat using Guid(348f8cd3a3dcc3146abed0f34c889f01) Importer(815301076,1909f56bfc062723c751e8b465ee728b)  -> (artifact id: '7bc3f3f5978d0448478a1d60b18c4799') in 0.115595 seconds 
========================================================================
Received Import Request.
  Time since last request: 0.000025 seconds.
  path: Assets/Shaders/jimbody.png
  artifactKey: Guid(5d2de8c9de2fba84ab626d1045b64724) Importer(815301076,1909f56bfc062723c751e8b465ee728b)
Start importing Assets/Shaders/jimbody.png using Guid(5d2de8c9de2fba84ab626d1045b64724) Importer(815301076,1909f56bfc062723c751e8b465ee728b)  -> (artifact id: 'a98a007a250fde93481447c1c658cf89') in 0.016633 seconds 
========================================================================
Received Import Request.
  Time since last request: 0.000033 seconds.
  path: Assets/Shaders/rays.mat
  artifactKey: Guid(578145e566c3466478b04f244f2bc524) Importer(815301076,1909f56bfc062723c751e8b465ee728b)
Start importing Assets/Shaders/rays.mat using Guid(578145e566c3466478b04f244f2bc524) Importer(815301076,1909f56bfc062723c751e8b465ee728b)  -> (artifact id: '5d9d8e4f34143660f6c7ef5105696fa8') in 0.015895 seconds 
========================================================================
Received Import Request.
  Time since last request: 21.517413 seconds.
  path: Assets/Shaders/Metal.mat
  artifactKey: Guid(68f628e03c6639f45a28db26f92b8b3d) Importer(815301076,1909f56bfc062723c751e8b465ee728b)
Start importing Assets/Shaders/Metal.mat using Guid(68f628e03c6639f45a28db26f92b8b3d) Importer(815301076,1909f56bfc062723c751e8b465ee728b)  -> (artifact id: 'dae3d433b743882bac33e340ce51a556') in 0.120835 seconds 
========================================================================
Received Import Request.
  Time since last request: 16.320824 seconds.
  path: Assets/Shaders/Materials/jimbody.mat
  artifactKey: Guid(1f8020f3855c74048a84dfa9665464bf) Importer(815301076,1909f56bfc062723c751e8b465ee728b)
Start importing Assets/Shaders/Materials/jimbody.mat using Guid(1f8020f3855c74048a84dfa9665464bf) Importer(815301076,1909f56bfc062723c751e8b465ee728b)  -> (artifact id: '0884bfecdff69f77c0a777f4f54b93d5') in 0.016647 seconds 
Editor requested this worker to shutdown with reason: Scaling down because of idle timeout
AssetImportWorker is now disconnected from the server
Process exiting
Exiting without the bug reporter. Application will terminate with return code 0