Using pre-set license
Built from '2021.3/staging' branch; Version is '2021.3.13f1 (9e7d58001ecf) revision 10386776'; Using compiler version '192829333'; Build Type 'Release'
OS: 'Windows 11  (10.0.22000) 64bit Core' Language: 'en' Physical Memory: 16085 MB
BatchMode: 1, IsHumanControllingUs: 0, StartBugReporterOnCrash: 0, Is64bit: 1, IsPro: 1

COMMAND LINE ARGUMENTS:
C:\Program Files\Unity\Hub\Editor\2021.3.13f1\Editor\Unity.exe
-adb2
-batchMode
-noUpm
-name
AssetImportWorker2
-projectPath
C:/Users/kitso/OneDrive/Desktop/graphics/Exam/Exam
-logFile
Logs/AssetImportWorker2.log
-srvPort
55486
Successfully changed project path to: C:/Users/kitso/OneDrive/Desktop/graphics/Exam/Exam
C:/Users/kitso/OneDrive/Desktop/graphics/Exam/Exam
[UnityMemory] Configuration Parameters - Can be set up in boot.config
    "memorysetup-bucket-allocator-granularity=16"
    "memorysetup-bucket-allocator-bucket-count=8"
    "memorysetup-bucket-allocator-block-size=33554432"
    "memorysetup-bucket-allocator-block-count=8"
    "memorysetup-main-allocator-block-size=16777216"
    "memorysetup-thread-allocator-block-size=16777216"
    "memorysetup-gfx-main-allocator-block-size=16777216"
    "memorysetup-gfx-thread-allocator-block-size=16777216"
    "memorysetup-cache-allocator-block-size=4194304"
    "memorysetup-typetree-allocator-block-size=2097152"
    "memorysetup-profiler-bucket-allocator-granularity=16"
    "memorysetup-profiler-bucket-allocator-bucket-count=8"
    "memorysetup-profiler-bucket-allocator-block-size=33554432"
    "memorysetup-profiler-bucket-allocator-block-count=8"
    "memorysetup-profiler-allocator-block-size=16777216"
    "memorysetup-profiler-editor-allocator-block-size=1048576"
    "memorysetup-temp-allocator-size-main=16777216"
    "memorysetup-job-temp-allocator-block-size=2097152"
    "memorysetup-job-temp-allocator-block-size-background=1048576"
    "memorysetup-job-temp-allocator-reduction-small-platforms=262144"
    "memorysetup-temp-allocator-size-background-worker=32768"
    "memorysetup-temp-allocator-size-job-worker=262144"
    "memorysetup-temp-allocator-size-preload-manager=33554432"
    "memorysetup-temp-allocator-size-nav-mesh-worker=65536"
    "memorysetup-temp-allocator-size-audio-worker=65536"
    "memorysetup-temp-allocator-size-cloud-worker=32768"
    "memorysetup-temp-allocator-size-gi-baking-worker=262144"
    "memorysetup-temp-allocator-size-gfx=262144"
Refreshing native plugins compatible for Editor in 71.02 ms, found 3 plugins.
Preloading 0 native plugins for Editor in 0.00 ms.
Initialize engine version: 2021.3.13f1 (9e7d58001ecf)
[Subsystems] Discovering subsystems at path C:/Program Files/Unity/Hub/Editor/2021.3.13f1/Editor/Data/Resources/UnitySubsystems
[Subsystems] Discovering subsystems at path C:/Users/kitso/OneDrive/Desktop/graphics/Exam/Exam/Assets
GfxDevice: creating device client; threaded=0; jobified=0
Direct3D:
    Version:  Direct3D 11.0 [level 11.1]
    Renderer: NVIDIA GeForce RTX 3060 Laptop GPU (ID=0x2520)
    Vendor:   NVIDIA
    VRAM:     6009 MB
    Driver:   31.0.15.2756
Initialize mono
Mono path[0] = 'C:/Program Files/Unity/Hub/Editor/2021.3.13f1/Editor/Data/Managed'
Mono path[1] = 'C:/Program Files/Unity/Hub/Editor/2021.3.13f1/Editor/Data/MonoBleedingEdge/lib/mono/unityjit-win32'
Mono config path = 'C:/Program Files/Unity/Hub/Editor/2021.3.13f1/Editor/Data/MonoBleedingEdge/etc'
Using monoOptions --debugger-agent=transport=dt_socket,embedding=1,server=y,suspend=n,address=127.0.0.1:56788
Begin MonoManager ReloadAssembly
Registering precompiled unity dll's ...
Register platform support module: C:/Program Files/Unity/Hub/Editor/2021.3.13f1/Editor/Data/PlaybackEngines/WebGLSupport/UnityEditor.WebGL.Extensions.dll
Register platform support module: C:/Program Files/Unity/Hub/Editor/2021.3.13f1/Editor/Data/PlaybackEngines/WindowsStandaloneSupport/UnityEditor.WindowsStandalone.Extensions.dll
Registered in 0.005180 seconds.
Native extension for WindowsStandalone target not found
Native extension for WebGL target not found
Refreshing native plugins compatible for Editor in 90.75 ms, found 3 plugins.
Preloading 0 native plugins for Editor in 0.00 ms.
Mono: successfully reloaded assembly
- Completed reload, in  0.688 seconds
Domain Reload Profiling:
	ReloadAssembly (689ms)
		BeginReloadAssembly (69ms)
			ExecutionOrderSort (0ms)
			DisableScriptedObjects (0ms)
			BackupInstance (0ms)
			ReleaseScriptingObjects (0ms)
			CreateAndSetChildDomain (1ms)
		EndReloadAssembly (492ms)
			LoadAssemblies (67ms)
			RebuildTransferFunctionScriptingTraits (0ms)
			SetupTypeCache (123ms)
			ReleaseScriptCaches (0ms)
			RebuildScriptCaches (37ms)
			SetupLoadedEditorAssemblies (272ms)
				LogAssemblyErrors (0ms)
				InitializePlatformSupportModulesInManaged (10ms)
				SetLoadedEditorAssemblies (0ms)
				RefreshPlugins (91ms)
				BeforeProcessingInitializeOnLoad (1ms)
				ProcessInitializeOnLoadAttributes (121ms)
				ProcessInitializeOnLoadMethodAttributes (48ms)
				AfterProcessingInitializeOnLoad (0ms)
				EditorAssembliesLoaded (0ms)
			ExecutionOrderSort2 (0ms)
			AwakeInstancesAfterBackupRestoration (0ms)
Platform modules already initialized, skipping
Registering precompiled user dll's ...
Registered in 0.007073 seconds.
Begin MonoManager ReloadAssembly
Native extension for WindowsStandalone target not found
Native extension for WebGL target not found
Refreshing native plugins compatible for Editor in 0.50 ms, found 3 plugins.
Preloading 0 native plugins for Editor in 0.00 ms.
Mono: successfully reloaded assembly
- Completed reload, in  1.049 seconds
Domain Reload Profiling:
	ReloadAssembly (1049ms)
		BeginReloadAssembly (99ms)
			ExecutionOrderSort (0ms)
			DisableScriptedObjects (6ms)
			BackupInstance (0ms)
			ReleaseScriptingObjects (0ms)
			CreateAndSetChildDomain (21ms)
		EndReloadAssembly (822ms)
			LoadAssemblies (69ms)
			RebuildTransferFunctionScriptingTraits (0ms)
			SetupTypeCache (263ms)
			ReleaseScriptCaches (1ms)
			RebuildScriptCaches (69ms)
			SetupLoadedEditorAssemblies (366ms)
				LogAssemblyErrors (0ms)
				InitializePlatformSupportModulesInManaged (5ms)
				SetLoadedEditorAssemblies (0ms)
				RefreshPlugins (1ms)
				BeforeProcessingInitializeOnLoad (79ms)
				ProcessInitializeOnLoadAttributes (237ms)
				ProcessInitializeOnLoadMethodAttributes (38ms)
				AfterProcessingInitializeOnLoad (5ms)
				EditorAssembliesLoaded (0ms)
			ExecutionOrderSort2 (0ms)
			AwakeInstancesAfterBackupRestoration (5ms)
Platform modules already initialized, skipping
========================================================================
Worker process is ready to serve import requests
Launched and connected shader compiler UnityShaderCompiler.exe after 0.05 seconds
Refreshing native plugins compatible for Editor in 1.58 ms, found 3 plugins.
Preloading 0 native plugins for Editor in 0.00 ms.
Unloading 3359 Unused Serialized files (Serialized files now loaded: 0)
Unloading 27 unused Assets / (113.8 KB). Loaded Objects now: 3817.
Memory consumption went from 118.1 MB to 118.0 MB.
Total: 3.848300 ms (FindLiveObjects: 0.385100 ms CreateObjectMapping: 0.139300 ms MarkObjects: 3.149000 ms  DeleteObjects: 0.172400 ms)

AssetImportParameters requested are different than current active one (requested -> active):
  custom:video-decoder-ogg-theora: a1e56fd34408186e4bbccfd4996cb3dc -> 
  custom:container-muxer-webm: aa71ff27fc2769a1b78a27578f13a17b -> 
  custom:container-demuxer-webm: 4f35f7cbe854078d1ac9338744f61a02 -> 
  custom:video-encoder-webm-vp8: eb34c28f22e8b96e1ab97ce403110664 -> 
  custom:audio-encoder-webm-vorbis: bf7c407c2cedff20999df2af8eb42d56 -> 
  custom:framework-win-MediaFoundation: 216162199b28c13a410421893ffa2e32 -> 
  custom:container-demuxer-ogg: 62fdf1f143b41e24485cea50d1cbac27 -> 
  custom:video-decoder-webm-vp8: 9c59270c3fd7afecdb556c50c9e8de78 -> 
  custom:audio-decoder-ogg-vorbis: bf7c407c2cedff20999df2af8eb42d56 -> 
========================================================================
Received Import Request.
  Time since last request: 397300.390281 seconds.
  path: Assets/Shaders/cubemap-cross.jpg
  artifactKey: Guid(94b7c6375d4f4ff4ca3cf9e2f3e22364) Importer(815301076,1909f56bfc062723c751e8b465ee728b)
Start importing Assets/Shaders/cubemap-cross.jpg using Guid(94b7c6375d4f4ff4ca3cf9e2f3e22364) Importer(815301076,1909f56bfc062723c751e8b465ee728b)  -> (artifact id: 'df7264a1e5d79a5ce65a595de34d05ae') in 0.082217 seconds 
========================================================================
Received Import Request.
  Time since last request: 0.000027 seconds.
  path: Assets/Shaders/ToonShader.hlsl
  artifactKey: Guid(a25ecd1d15a527e44b07bb9bf7d846f9) Importer(815301076,1909f56bfc062723c751e8b465ee728b)
Start importing Assets/Shaders/ToonShader.hlsl using Guid(a25ecd1d15a527e44b07bb9bf7d846f9) Importer(815301076,1909f56bfc062723c751e8b465ee728b)  -> (artifact id: '1ddbb667a1a62c3b2ef644a09e35a6a0') in 0.011688 seconds 
========================================================================
Received Import Request.
  Time since last request: 0.000031 seconds.
  path: Assets/Shaders/CapsuleMaterial.mat
  artifactKey: Guid(e6ef72567b182ca42ac18e9bf7a09812) Importer(815301076,1909f56bfc062723c751e8b465ee728b)
Start importing Assets/Shaders/CapsuleMaterial.mat using Guid(e6ef72567b182ca42ac18e9bf7a09812) Importer(815301076,1909f56bfc062723c751e8b465ee728b)  -> (artifact id: '93b940c26d1173d73c1cbbb827d2e1f1') in 0.087294 seconds 
========================================================================
Received Import Request.
  Time since last request: 0.000041 seconds.
  path: Assets/Shaders/DiffuseWrap.mat
  artifactKey: Guid(3f10f8017cc4c0243916a2c5efc3d3ae) Importer(815301076,1909f56bfc062723c751e8b465ee728b)
Start importing Assets/Shaders/DiffuseWrap.mat using Guid(3f10f8017cc4c0243916a2c5efc3d3ae) Importer(815301076,1909f56bfc062723c751e8b465ee728b)  -> (artifact id: 'dfa60b5de57507e4f11bd3cb3e21fa59') in 0.091750 seconds 
========================================================================
Received Import Request.
  Time since last request: 21.441065 seconds.
  path: Assets/Shaders/DiffuseWrap.mat
  artifactKey: Guid(3f10f8017cc4c0243916a2c5efc3d3ae) Importer(815301076,1909f56bfc062723c751e8b465ee728b)
Start importing Assets/Shaders/DiffuseWrap.mat using Guid(3f10f8017cc4c0243916a2c5efc3d3ae) Importer(815301076,1909f56bfc062723c751e8b465ee728b)  -> (artifact id: '71db593580715074e33f676ba45462bb') in 0.013114 seconds 
========================================================================
Received Import Request.
  Time since last request: 16.337115 seconds.
  path: Assets/Shaders/Materials
  artifactKey: Guid(4e6817296c356464683ddd6c3ec16f06) Importer(815301076,1909f56bfc062723c751e8b465ee728b)
Start importing Assets/Shaders/Materials using Guid(4e6817296c356464683ddd6c3ec16f06) Importer(815301076,1909f56bfc062723c751e8b465ee728b)  -> (artifact id: '0fe3c17cd2998b329351486c74ad057f') in 0.005101 seconds 
========================================================================
Received Import Request.
  Time since last request: 0.082515 seconds.
  path: Assets/Shaders/Materials/BarbieVomit.mat
  artifactKey: Guid(fd0300774b6c1a64ea7ff4d5468e2473) Importer(815301076,1909f56bfc062723c751e8b465ee728b)
Start importing Assets/Shaders/Materials/BarbieVomit.mat using Guid(fd0300774b6c1a64ea7ff4d5468e2473) Importer(815301076,1909f56bfc062723c751e8b465ee728b)  -> (artifact id: '31e398329a6f4492f80b4598c92f91b1') in 0.017263 seconds 
========================================================================
Received Import Request.
  Time since last request: 16.069111 seconds.
  path: Assets/Shaders/JankAssDiffuse.shader
  artifactKey: Guid(64b372416d86168448b5a8433ed9e690) Importer(815301076,1909f56bfc062723c751e8b465ee728b)
Start importing Assets/Shaders/JankAssDiffuse.shader using Guid(64b372416d86168448b5a8433ed9e690) Importer(815301076,1909f56bfc062723c751e8b465ee728b)  -> (artifact id: '2ac4443afd8564f664ab1dd8a0c25471') in 0.009880 seconds 
========================================================================
Received Import Request.
  Time since last request: 14.516472 seconds.
  path: Assets/Shaders/Toon.shader
  artifactKey: Guid(64b372416d86168448b5a8433ed9e690) Importer(815301076,1909f56bfc062723c751e8b465ee728b)
Start importing Assets/Shaders/Toon.shader using Guid(64b372416d86168448b5a8433ed9e690) Importer(815301076,1909f56bfc062723c751e8b465ee728b)  -> (artifact id: 'bbd2296dddaf3aa2ace25bced8963045') in 0.007127 seconds 
========================================================================
Received Import Request.
  Time since last request: 0.002979 seconds.
  path: Assets/Shaders/toon.mat
  artifactKey: Guid(6b9bd4f918071534f82a62fc6e95568b) Importer(815301076,1909f56bfc062723c751e8b465ee728b)
Start importing Assets/Shaders/toon.mat using Guid(6b9bd4f918071534f82a62fc6e95568b) Importer(815301076,1909f56bfc062723c751e8b465ee728b)  -> (artifact id: 'bc8225b06edd953e95bff86f13adc598') in 0.011511 seconds 
========================================================================
Received Import Request.
  Time since last request: 20.895798 seconds.
  path: Assets/Shaders/Toon.shader
  artifactKey: Guid(64b372416d86168448b5a8433ed9e690) Importer(815301076,1909f56bfc062723c751e8b465ee728b)
Start importing Assets/Shaders/Toon.shader using Guid(64b372416d86168448b5a8433ed9e690) Importer(815301076,1909f56bfc062723c751e8b465ee728b)  -> (artifact id: 'a9d7a2112b059add5fb6a1baa88f2824') in 0.002348 seconds 
========================================================================
Received Import Request.
  Time since last request: 0.004636 seconds.
  path: Assets/Shaders/toon.mat
  artifactKey: Guid(6b9bd4f918071534f82a62fc6e95568b) Importer(815301076,1909f56bfc062723c751e8b465ee728b)
Start importing Assets/Shaders/toon.mat using Guid(6b9bd4f918071534f82a62fc6e95568b) Importer(815301076,1909f56bfc062723c751e8b465ee728b)  -> (artifact id: '4f40df0ac20ff3f77df9c7442f3bc81d') in 0.012807 seconds 
========================================================================
Received Import Request.
  Time since last request: 14.006451 seconds.
  path: Assets/Shaders/HelloShader.shader
  artifactKey: Guid(324b5c001983f984d98dad8b07f93b3c) Importer(815301076,1909f56bfc062723c751e8b465ee728b)
Start importing Assets/Shaders/HelloShader.shader using Guid(324b5c001983f984d98dad8b07f93b3c) Importer(815301076,1909f56bfc062723c751e8b465ee728b)  -> (artifact id: '648a6ef66eb73939e5c3cfaaabd0b738') in 0.006250 seconds 
========================================================================
Received Import Request.
  Time since last request: 8.838443 seconds.
  path: Assets/Shaders/ToonShader.shadergraph
  artifactKey: Guid(c413f87b150c61541b40abe8f171dc0d) Importer(815301076,1909f56bfc062723c751e8b465ee728b)
Start importing Assets/Shaders/ToonShader.shadergraph using Guid(c413f87b150c61541b40abe8f171dc0d) Importer(815301076,1909f56bfc062723c751e8b465ee728b)  -> (artifact id: '702e57bcbae5ffe9ce43370ffd0713eb') in 0.003881 seconds 
========================================================================
Received Import Request.
  Time since last request: 203.299371 seconds.
  path: Assets/Shaders/CustomPostProcessing.cs
  artifactKey: Guid(4d6f79bf5e0029f43acbb00de735f804) Importer(815301076,1909f56bfc062723c751e8b465ee728b)
Start importing Assets/Shaders/CustomPostProcessing.cs using Guid(4d6f79bf5e0029f43acbb00de735f804) Importer(815301076,1909f56bfc062723c751e8b465ee728b)  -> (artifact id: '477672c57e230232269bcfaf33e38b35') in 0.015377 seconds 
